#
# There is insufficient memory for the Java Runtime Environment to continue.
# Native memory allocation (mmap) failed to map 268435456 bytes for G1 virtual space
# Possible reasons:
#   The system is out of physical RAM or swap space
#   The process is running with CompressedOops enabled, and the Java Heap may be blocking the growth of the native heap
# Possible solutions:
#   Reduce memory load on the system
#   Increase physical memory or swap space
#   Check if swap backing store is full
#   Decrease Java heap size (-Xmx/-Xms)
#   Decrease number of Java threads
#   Decrease Java thread stack sizes (-Xss)
#   Set larger code cache with -XX:ReservedCodeCacheSize=
#   JVM is running with Zero Based Compressed Oops mode in which the Java heap is
#     placed in the first 32GB address space. The Java Heap base address is the
#     maximum limit for the native heap growth. Please use -XX:HeapBaseMinAddress
#     to set the Java Heap base and to place the Java Heap above 32GB virtual address.
# This output file may be truncated or incomplete.
#
#  Out of Memory Error (os_windows.cpp:3535), pid=8212, tid=5012
#
# JRE version:  (17.0.3.1+2) (build )
# Java VM: Java HotSpot(TM) 64-Bit Server VM (17.0.3.1+2-LTS-6, mixed mode, sharing, tiered, compressed oops, compressed class ptrs, g1 gc, windows-amd64)
# No core dump will be written. Minidumps are not enabled by default on client versions of Windows
#

---------------  S U M M A R Y ------------

Command Line: -Dnet.bytebuddy.agent.attacher.dump= net.bytebuddy.agent.Attacher com.sun.tools.attach.VirtualMachine 11668 C:\Users\Гордей\.gradle\caches\modules-2\files-2.1\net.bytebuddy\byte-buddy-agent\1.17.7\fbf3d6d649ed37fc9e9c59480a05be0a26e3c2da\byte-buddy-agent-1.17.7.jar false 

Host: Intel(R) Core(TM) i5-10400F CPU @ 2.90GHz, 12 cores, 15G,  Windows 10 , 64 bit Build 19041 (10.0.19041.5072)
Time: Thu Sep 25 16:29:17 2025  Windows 10 , 64 bit Build 19041 (10.0.19041.5072) elapsed time: 0.007818 seconds (0d 0h 0m 0s)

---------------  T H R E A D  ---------------

Current thread (0x0000019e3a33dd30):  JavaThread "Unknown thread" [_thread_in_vm, id=5012, stack(0x000000119c200000,0x000000119c300000)]

Stack: [0x000000119c200000,0x000000119c300000]
Native frames: (J=compiled Java code, j=interpreted, Vv=VM code, C=native code)
V  [jvm.dll+0x6711ba]
V  [jvm.dll+0x7d0834]
V  [jvm.dll+0x7d1fde]
V  [jvm.dll+0x7d2643]
V  [jvm.dll+0x242c85]
V  [jvm.dll+0x66e0d9]
V  [jvm.dll+0x662a22]
V  [jvm.dll+0x300ddb]
V  [jvm.dll+0x308376]
V  [jvm.dll+0x357f7e]
V  [jvm.dll+0x3581af]
V  [jvm.dll+0x2d7ff8]
V  [jvm.dll+0x2d8f64]
V  [jvm.dll+0x7a2411]
V  [jvm.dll+0x365d01]
V  [jvm.dll+0x78187c]
V  [jvm.dll+0x3e873f]
V  [jvm.dll+0x3ea1e1]
C  [jli.dll+0x527b]
C  [ucrtbase.dll+0x21bb2]
C  [KERNEL32.DLL+0x17374]
C  [ntdll.dll+0x4cc91]


---------------  P R O C E S S  ---------------

Threads class SMR info:
_java_thread_list=0x00007ffff7f99858, length=0, elements={
}

Java Threads: ( => current thread )

Other Threads:
  0x0000019e3a3a87a0 GCTaskThread "GC Thread#0" [stack: 0x000000119c300000,0x000000119c400000] [id=24384]
  0x0000019e3a3b95a0 ConcurrentGCThread "G1 Main Marker" [stack: 0x000000119c400000,0x000000119c500000] [id=1476]
  0x0000019e3a3ba750 ConcurrentGCThread "G1 Conc#0" [stack: 0x000000119c500000,0x000000119c600000] [id=9980]

[error occurred during error reporting (printing all threads), id 0xc0000005, EXCEPTION_ACCESS_VIOLATION (0xc0000005) at pc=0x00007ffff77e89e7]

VM state: not at safepoint (not fully initialized)

VM Mutex/Monitor currently owned by a thread:  ([mutex/lock_event])
[0x0000019e3a3393e0] Heap_lock - owner thread: 0x0000019e3a33dd30

Heap address: 0x0000000701400000, size: 4076 MB, Compressed Oops mode: Zero based, Oop shift amount: 3

CDS archive(s) mapped at: [0x0000000000000000-0x0000000000000000-0x0000000000000000), size 0, SharedBaseAddress: 0x0000000800000000, ArchiveRelocationMode: 0.
Narrow klass base: 0x0000000000000000, Narrow klass shift: 0, Narrow klass range: 0x0

GC Precious Log:
<Empty>

Heap:
 garbage-first heap   total 0K, used 0K [0x0000000701400000, 0x0000000800000000)
  region size 2048K, 0 young (0K), 0 survivors (0K)

[error occurred during error reporting (printing heap information), id 0xc0000005, EXCEPTION_ACCESS_VIOLATION (0xc0000005) at pc=0x00007ffff7bca629]

GC Heap History (0 events):
No events

Deoptimization events (0 events):
No events

Classes unloaded (0 events):
No events

Classes redefined (0 events):
No events

Internal exceptions (0 events):
No events

VM Operations (0 events):
No events

Events (1 events):
Event: 0.004 Loaded shared library C:\Program Files\Java\jdk-17.0.3.1\bin\java.dll


Dynamic libraries:
0x00007ff6c7a10000 - 0x00007ff6c7a20000 	C:\Program Files\Java\jdk-17.0.3.1\bin\java.exe
0x00007ff89f310000 - 0x00007ff89f508000 	C:\Windows\SYSTEM32\ntdll.dll
0x00007ff89eac0000 - 0x00007ff89eb82000 	C:\Windows\System32\KERNEL32.DLL
0x00007ff89c9e0000 - 0x00007ff89ccde000 	C:\Windows\System32\KERNELBASE.dll
0x00007ff89d070000 - 0x00007ff89d170000 	C:\Windows\System32\ucrtbase.dll
0x00007ff842f60000 - 0x00007ff842f7a000 	C:\Program Files\Java\jdk-17.0.3.1\bin\VCRUNTIME140.dll
0x00007ff842f40000 - 0x00007ff842f58000 	C:\Program Files\Java\jdk-17.0.3.1\bin\jli.dll
0x00007ff89d670000 - 0x00007ff89d721000 	C:\Windows\System32\ADVAPI32.dll
0x00007ff89eb90000 - 0x00007ff89ec2e000 	C:\Windows\System32\msvcrt.dll
0x00007ff89e5e0000 - 0x00007ff89e67f000 	C:\Windows\System32\sechost.dll
0x00007ff89d330000 - 0x00007ff89d453000 	C:\Windows\System32\RPCRT4.dll
0x00007ff89ce70000 - 0x00007ff89ce97000 	C:\Windows\System32\bcrypt.dll
0x00007ff89efb0000 - 0x00007ff89f14d000 	C:\Windows\System32\USER32.dll
0x00007ff89c9b0000 - 0x00007ff89c9d2000 	C:\Windows\System32\win32u.dll
0x00007ff88d030000 - 0x00007ff88d2ca000 	C:\Windows\WinSxS\amd64_microsoft.windows.common-controls_6595b64144ccf1df_6.0.19041.4355_none_60b8b9eb71f62e16\COMCTL32.dll
0x00007ff89e120000 - 0x00007ff89e14b000 	C:\Windows\System32\GDI32.dll
0x00007ff89d170000 - 0x00007ff89d287000 	C:\Windows\System32\gdi32full.dll
0x00007ff89d290000 - 0x00007ff89d32d000 	C:\Windows\System32\msvcp_win.dll
0x00007ff896a60000 - 0x00007ff896a6a000 	C:\Windows\SYSTEM32\VERSION.dll
0x00007ff89d7d0000 - 0x00007ff89d7ff000 	C:\Windows\System32\IMM32.DLL
0x00007ff852d40000 - 0x00007ff852d4c000 	C:\Program Files\Java\jdk-17.0.3.1\bin\vcruntime140_1.dll
0x00007ff842eb0000 - 0x00007ff842f3d000 	C:\Program Files\Java\jdk-17.0.3.1\bin\msvcp140.dll
0x00007ffff7500000 - 0x00007ffff80c0000 	C:\Program Files\Java\jdk-17.0.3.1\bin\server\jvm.dll
0x00007ff89d800000 - 0x00007ff89d808000 	C:\Windows\System32\PSAPI.DLL
0x00007ff8795d0000 - 0x00007ff8795d9000 	C:\Windows\SYSTEM32\WSOCK32.dll
0x00007ff890540000 - 0x00007ff890567000 	C:\Windows\SYSTEM32\WINMM.dll
0x00007ff89ece0000 - 0x00007ff89ed4b000 	C:\Windows\System32\WS2_32.dll
0x00007ff89a310000 - 0x00007ff89a322000 	C:\Windows\SYSTEM32\kernel.appcore.dll
0x00007ff851350000 - 0x00007ff85135a000 	C:\Program Files\Java\jdk-17.0.3.1\bin\jimage.dll
0x00007ff88fb00000 - 0x00007ff88fce4000 	C:\Windows\SYSTEM32\DBGHELP.DLL
0x00007ff88cb20000 - 0x00007ff88cb54000 	C:\Windows\SYSTEM32\dbgcore.DLL
0x00007ff89cce0000 - 0x00007ff89cd62000 	C:\Windows\System32\bcryptPrimitives.dll
0x00007ff842e80000 - 0x00007ff842ea5000 	C:\Program Files\Java\jdk-17.0.3.1\bin\java.dll

dbghelp: loaded successfully - version: 4.0.5 - missing functions: none
symbol engine: initialized successfully - sym options: 0x614 - pdb path: .;C:\Program Files\Java\jdk-17.0.3.1\bin;C:\Windows\SYSTEM32;C:\Windows\WinSxS\amd64_microsoft.windows.common-controls_6595b64144ccf1df_6.0.19041.4355_none_60b8b9eb71f62e16;C:\Program Files\Java\jdk-17.0.3.1\bin\server

VM Arguments:
jvm_args: -Dnet.bytebuddy.agent.attacher.dump= 
java_command: net.bytebuddy.agent.Attacher com.sun.tools.attach.VirtualMachine 11668 C:\Users\Гордей\.gradle\caches\modules-2\files-2.1\net.bytebuddy\byte-buddy-agent\1.17.7\fbf3d6d649ed37fc9e9c59480a05be0a26e3c2da\byte-buddy-agent-1.17.7.jar false 
java_class_path (initial): C:\Users\Гордей\.gradle\caches\modules-2\files-2.1\net.bytebuddy\byte-buddy-agent\1.17.7\fbf3d6d649ed37fc9e9c59480a05be0a26e3c2da\byte-buddy-agent-1.17.7.jar
Launcher Type: SUN_STANDARD

[Global flags]
     intx CICompilerCount                          = 4                                         {product} {ergonomic}
     uint ConcGCThreads                            = 3                                         {product} {ergonomic}
     uint G1ConcRefinementThreads                  = 10                                        {product} {ergonomic}
   size_t G1HeapRegionSize                         = 2097152                                   {product} {ergonomic}
    uintx GCDrainStackTargetSize                   = 64                                        {product} {ergonomic}
   size_t InitialHeapSize                          = 268435456                                 {product} {ergonomic}
   size_t MarkStackSize                            = 4194304                                   {product} {ergonomic}
   size_t MaxHeapSize                              = 4273995776                                {product} {ergonomic}
   size_t MinHeapDeltaBytes                        = 2097152                                   {product} {ergonomic}
   size_t MinHeapSize                              = 8388608                                   {product} {ergonomic}
    uintx NonNMethodCodeHeapSize                   = 5839372                                {pd product} {ergonomic}
    uintx NonProfiledCodeHeapSize                  = 122909434                              {pd product} {ergonomic}
    uintx ProfiledCodeHeapSize                     = 122909434                              {pd product} {ergonomic}
    uintx ReservedCodeCacheSize                    = 251658240                              {pd product} {ergonomic}
     bool SegmentedCodeCache                       = true                                      {product} {ergonomic}
   size_t SoftMaxHeapSize                          = 4273995776                             {manageable} {ergonomic}
     bool UseCompressedClassPointers               = true                           {product lp64_product} {ergonomic}
     bool UseCompressedOops                        = true                           {product lp64_product} {ergonomic}
     bool UseG1GC                                  = true                                      {product} {ergonomic}
     bool UseLargePagesIndividualAllocation        = false                                  {pd product} {ergonomic}

Logging:
Log output configuration:
 #0: stdout all=warning uptime,level,tags
 #1: stderr all=off uptime,level,tags

Environment Variables:
JAVA_HOME=C:\Program Files\Java\jdk-17.0.3.1
PATH=C:\Program Files\Microsoft MPI\Bin\;C:\Users\Гордей\AppData\Local\Programs\Python\Python313\Scripts\;C:\Users\Гордей\AppData\Local\Programs\Python\Python313\;C:\Users\Гордей\gcc\bin;C:\Users\Гордей\gcc\libexec\gcc\x86_64-w64-mingw32\16.0.0;D:\vmware\bin\;C:\Program Files\Eclipse Adoptium\jre-17.0.8.101-hotspot\bin;C:\Program Files\Python38\Scripts\;C:\Program Files\Python38\;C:\Program Files\Common Files\Oracle\Java\javapath;C:\Program Files (x86)\Common Files\Oracle\Java\java8path;C:\Program Files (x86)\Common Files\Oracle\Java\javapath;C:\Program Files (x86)\Common Files\Intel\Shared Libraries\redist\intel64\compiler;C:\ProgramData\Oracle\Java\javapath;C:\Windows\system32;C:\Windows;C:\Windows\System32\Wbem;C:\Windows\System32\WindowsPowerShell\v1.0\;C:\Windows\System32\OpenSSH\;C:\Program Files\dotnet\;C:\Program Files (x86)\NVIDIA Corporation\PhysX\Common;C:\Program Files\Maven\bin;C:\Program Files (x86)\dotnet\;C:\Program Files\Git\cmd;C:\Program Files\Mullvad VPN\resources;C:\Program Files\php;C:\Program Files\Microsoft SQL Server\150\Tools\Binn\;C:\Program Files\Microsoft SQL Server\Client SDK\ODBC\170\Tools\Binn\;C:\Program Files (x86)\Windows Kits\10\Windows Performance Toolkit\;C:\Program Files\PuTTY\;C:\Program Files\Docker\Docker\resources\bin;C:\Program Files\Wolfram Research\WolframScript\;C:\Program Files\nodejs\;C:\ProgramData\chocolatey\bin;C:\Program Files\Java\jdk-17.0.3.1\bin;;C:\Program Files\NVIDIA Corporation\NVIDIA App\NvDLISR;C:\Program Files (x86)\Microsoft SQL Server\160\Tools\Binn\;C:\Program Files\Microsoft SQL Server\160\Tools\Binn\;C:\Program Files\Microsoft SQL Server\160\DTS\Binn\;C:\Users\Гордей\AppData\Local\Programs\Python\Launcher\;1;C:\Users\Гордей\AppData\Local\Programs\Python\Python310\Scripts;C:\Users\Гордей\AppData\Local\Programs\Python\Python310;D:\IntelliJ IDEA 2022.1.2\bin;;D:\Microsoft VS Code\bin;C:\Users\Гордей\AppData\Local\GitHubDesktop\bin;C:\Users\Гордей\.dotnet\tools;C:\Users\Гордей\AppData\Roaming\Programs\Zero
USERNAME=Гордей
OS=Windows_NT
PROCESSOR_IDENTIFIER=Intel64 Family 6 Model 165 Stepping 5, GenuineIntel



---------------  S Y S T E M  ---------------

OS:
 Windows 10 , 64 bit Build 19041 (10.0.19041.5072)
OS uptime: 0 days 0:53 hours
Hyper-V role detected

CPU: total 12 (initial active 12) (6 cores per cpu, 2 threads per core) family 6 model 165 stepping 5 microcode 0xca, cx8, cmov, fxsr, ht, mmx, 3dnowpref, sse, sse2, sse3, ssse3, sse4.1, sse4.2, popcnt, lzcnt, tsc, tscinvbit, avx, avx2, aes, erms, clmul, bmi1, bmi2, adx, fma, vzeroupper, clflush, clflushopt, hv

Memory: 4k page, system-wide physical 16303M (418M free)
TotalPageFile size 22710M (AvailPageFile size 245M)
current process WorkingSet (physical memory assigned to process): 10M, peak: 10M
current process commit charge ("private bytes"): 64M, peak: 320M

vm_info: Java HotSpot(TM) 64-Bit Server VM (17.0.3.1+2-LTS-6) for windows-amd64 JRE (17.0.3.1+2-LTS-6), built on Apr 25 2022 22:04:21 by "mach5one" with MS VC++ 16.8 / 16.9 (VS2019)

END.
